ARM GAS  C:\Users\Qian\AppData\Local\Temp\ccZnxbAj.s 			page 1


   1              		.cpu cortex-m3
   2              		.eabi_attribute 20, 1
   3              		.eabi_attribute 21, 1
   4              		.eabi_attribute 23, 3
   5              		.eabi_attribute 24, 1
   6              		.eabi_attribute 25, 1
   7              		.eabi_attribute 26, 1
   8              		.eabi_attribute 30, 1
   9              		.eabi_attribute 34, 1
  10              		.eabi_attribute 18, 4
  11              		.file	"debug.c"
  12              		.text
  13              	.Ltext0:
  14              		.cfi_sections	.debug_frame
  15              		.section	.text.logger,"ax",%progbits
  16              		.align	1
  17              		.global	logger
  18              		.syntax unified
  19              		.thumb
  20              		.thumb_func
  21              		.fpu softvfp
  23              	logger:
  24              	.LFB66:
  25              		.file 1 "Src/debug.c"
   1:Src/debug.c   **** #include "debug.h"
   2:Src/debug.c   **** #include "stm32f1xx_hal.h"
   3:Src/debug.c   **** 
   4:Src/debug.c   **** #include <string.h>
   5:Src/debug.c   **** 
   6:Src/debug.c   **** 
   7:Src/debug.c   **** int logger(UART_HandleTypeDef* huart, char* msg)
   8:Src/debug.c   **** {
  26              		.loc 1 8 0
  27              		.cfi_startproc
  28              		@ args = 0, pretend = 0, frame = 0
  29              		@ frame_needed = 0, uses_anonymous_args = 0
  30              	.LVL0:
  31 0000 38B5     		push	{r3, r4, r5, lr}
  32              	.LCFI0:
  33              		.cfi_def_cfa_offset 16
  34              		.cfi_offset 3, -16
  35              		.cfi_offset 4, -12
  36              		.cfi_offset 5, -8
  37              		.cfi_offset 14, -4
  38 0002 0546     		mov	r5, r0
  39 0004 0C46     		mov	r4, r1
   9:Src/debug.c   ****     int len = strlen(msg);
  40              		.loc 1 9 0
  41 0006 0846     		mov	r0, r1
  42              	.LVL1:
  43 0008 FFF7FEFF 		bl	strlen
  44              	.LVL2:
  10:Src/debug.c   ****     HAL_UART_Transmit(huart, msg, len, 0xFFFF);
  45              		.loc 1 10 0
  46 000c 4FF6FF73 		movw	r3, #65535
  47 0010 82B2     		uxth	r2, r0
  48 0012 2146     		mov	r1, r4
ARM GAS  C:\Users\Qian\AppData\Local\Temp\ccZnxbAj.s 			page 2


  49 0014 2846     		mov	r0, r5
  50              	.LVL3:
  51 0016 FFF7FEFF 		bl	HAL_UART_Transmit
  52              	.LVL4:
  11:Src/debug.c   ****     return 0;
  12:Src/debug.c   **** }...
  53              		.loc 1 12 0
  54 001a 0020     		movs	r0, #0
  55 001c 38BD     		pop	{r3, r4, r5, pc}
  56              		.cfi_endproc
  57              	.LFE66:
  59              		.text
  60              	.Letext0:
  61              		.file 2 "d:\\program files (x86)\\gnu tools arm embedded\\7 2017-q4-major\\arm-none-eabi\\include\
  62              		.file 3 "d:\\program files (x86)\\gnu tools arm embedded\\7 2017-q4-major\\arm-none-eabi\\include\
  63              		.file 4 "Drivers/CMSIS/Include/core_cm3.h"
  64              		.file 5 "Drivers/CMSIS/Device/ST/STM32F1xx/Include/system_stm32f1xx.h"
  65              		.file 6 "Drivers/CMSIS/Device/ST/STM32F1xx/Include/stm32f103xb.h"
  66              		.file 7 "d:\\program files (x86)\\gnu tools arm embedded\\7 2017-q4-major\\arm-none-eabi\\include\
  67              		.file 8 "d:\\program files (x86)\\gnu tools arm embedded\\7 2017-q4-major\\arm-none-eabi\\include\
  68              		.file 9 "d:\\program files (x86)\\gnu tools arm embedded\\7 2017-q4-major\\lib\\gcc\\arm-none-eabi
  69              		.file 10 "d:\\program files (x86)\\gnu tools arm embedded\\7 2017-q4-major\\arm-none-eabi\\include
  70              		.file 11 "Drivers/STM32F1xx_HAL_Driver/Inc/stm32f1xx_hal_def.h"
  71              		.file 12 "Drivers/STM32F1xx_HAL_Driver/Inc/stm32f1xx_hal_dma.h"
  72              		.file 13 "Drivers/STM32F1xx_HAL_Driver/Inc/stm32f1xx_hal_uart.h"
  73              		.file 14 "d:\\program files (x86)\\gnu tools arm embedded\\7 2017-q4-major\\arm-none-eabi\\include
ARM GAS  C:\Users\Qian\AppData\Local\Temp\ccZnxbAj.s 			page 3


DEFINED SYMBOLS
                            *ABS*:00000000 debug.c
C:\Users\Qian\AppData\Local\Temp\ccZnxbAj.s:16     .text.logger:00000000 $t
C:\Users\Qian\AppData\Local\Temp\ccZnxbAj.s:23     .text.logger:00000000 logger

UNDEFINED SYMBOLS
strlen
HAL_UART_Transmit
