ARM GAS  C:\Users\Qian\AppData\Local\Temp\cc3Tp8Te.s 			page 1


   1              		.cpu cortex-m3
   2              		.eabi_attribute 20, 1
   3              		.eabi_attribute 21, 1
   4              		.eabi_attribute 23, 3
   5              		.eabi_attribute 24, 1
   6              		.eabi_attribute 25, 1
   7              		.eabi_attribute 26, 1
   8              		.eabi_attribute 30, 1
   9              		.eabi_attribute 34, 1
  10              		.eabi_attribute 18, 4
  11              		.file	"os.c"
  12              		.text
  13              	.Ltext0:
  14              		.cfi_sections	.debug_frame
  15              		.section	.text.scheduler,"ax",%progbits
  16              		.align	1
  17              		.global	scheduler
  18              		.syntax unified
  19              		.thumb
  20              		.thumb_func
  21              		.fpu softvfp
  23              	scheduler:
  24              	.LFB66:
  25              		.file 1 "Src/os.c"
   1:Src/os.c      **** #include "os.h"
   2:Src/os.c      **** #include "task.h"
   3:Src/os.c      **** 
   4:Src/os.c      **** #include "debug.h"
   5:Src/os.c      **** 
   6:Src/os.c      **** int os_started = 0;
   7:Src/os.c      **** 
   8:Src/os.c      **** int scheduler()
   9:Src/os.c      **** {
  26              		.loc 1 9 0
  27              		.cfi_startproc
  28              		@ args = 0, pretend = 0, frame = 0
  29              		@ frame_needed = 0, uses_anonymous_args = 0
  30 0000 10B5     		push	{r4, lr}
  31              	.LCFI0:
  32              		.cfi_def_cfa_offset 8
  33              		.cfi_offset 4, -8
  34              		.cfi_offset 14, -4
  10:Src/os.c      ****     enterCritical();
  35              		.loc 1 10 0
  36 0002 FFF7FEFF 		bl	enterCritical
  37              	.LVL0:
  11:Src/os.c      ****     int nextTask = getNextReady();
  38              		.loc 1 11 0
  39 0006 FFF7FEFF 		bl	getNextReady
  40              	.LVL1:
  12:Src/os.c      ****     if (nextTask == NO_SUCH_TASK)
  41              		.loc 1 12 0
  42 000a B0F1FF3F 		cmp	r0, #-1
  43 000e 09D0     		beq	.L5
  44 0010 0446     		mov	r4, r0
  13:Src/os.c      ****     {
  14:Src/os.c      ****         //Enter Sleep Mode
ARM GAS  C:\Users\Qian\AppData\Local\Temp\cc3Tp8Te.s 			page 2


  15:Src/os.c      ****         logger(&huart1, "Scheduler_Sleep\n");
  16:Src/os.c      ****         exitCritical();
  17:Src/os.c      ****         while(1){};
  18:Src/os.c      ****     }
  19:Src/os.c      ****     else
  20:Src/os.c      ****     {
  21:Src/os.c      ****         logger(&huart1, "Scheduler_Switch\n");
  45              		.loc 1 21 0
  46 0012 0849     		ldr	r1, .L6
  47 0014 0848     		ldr	r0, .L6+4
  48              	.LVL2:
  49 0016 FFF7FEFF 		bl	logger
  50              	.LVL3:
  22:Src/os.c      ****         switchTaskTo(nextTask);
  51              		.loc 1 22 0
  52 001a 2046     		mov	r0, r4
  53 001c FFF7FEFF 		bl	switchTaskTo
  54              	.LVL4:
  23:Src/os.c      ****     }
  24:Src/os.c      ****     return 0;
  25:Src/os.c      **** }
  55              		.loc 1 25 0
  56 0020 0020     		movs	r0, #0
  57 0022 10BD     		pop	{r4, pc}
  58              	.LVL5:
  59              	.L5:
  15:Src/os.c      ****         exitCritical();
  60              		.loc 1 15 0
  61 0024 0549     		ldr	r1, .L6+8
  62 0026 0448     		ldr	r0, .L6+4
  63              	.LVL6:
  64 0028 FFF7FEFF 		bl	logger
  65              	.LVL7:
  16:Src/os.c      ****         while(1){};
  66              		.loc 1 16 0
  67 002c FFF7FEFF 		bl	exitCritical
  68              	.LVL8:
  69              	.L3:
  70 0030 FEE7     		b	.L3
  71              	.L7:
  72 0032 00BF     		.align	2
  73              	.L6:
  74 0034 14000000 		.word	.LC1
  75 0038 00000000 		.word	huart1
  76 003c 00000000 		.word	.LC0
  77              		.cfi_endproc
  78              	.LFE66:
  80              		.section	.text.halfScheduler,"ax",%progbits
  81              		.align	1
  82              		.global	halfScheduler
  83              		.syntax unified
  84              		.thumb
  85              		.thumb_func
  86              		.fpu softvfp
  88              	halfScheduler:
  89              	.LFB67:
  26:Src/os.c      **** 
ARM GAS  C:\Users\Qian\AppData\Local\Temp\cc3Tp8Te.s 			page 3


  27:Src/os.c      **** int halfScheduler()
  28:Src/os.c      **** {
  90              		.loc 1 28 0
  91              		.cfi_startproc
  92              		@ args = 0, pretend = 0, frame = 0
  93              		@ frame_needed = 0, uses_anonymous_args = 0
  94 0000 08B5     		push	{r3, lr}
  95              	.LCFI1:
  96              		.cfi_def_cfa_offset 8
  97              		.cfi_offset 3, -8
  98              		.cfi_offset 14, -4
  29:Src/os.c      ****     enterCritical();
  99              		.loc 1 29 0
 100 0002 FFF7FEFF 		bl	enterCritical
 101              	.LVL9:
  30:Src/os.c      **** 
  31:Src/os.c      ****     int nextTask = getNextReady();
 102              		.loc 1 31 0
 103 0006 FFF7FEFF 		bl	getNextReady
 104              	.LVL10:
  32:Src/os.c      ****     if (nextTask != NO_SUCH_TASK)
 105              		.loc 1 32 0
 106 000a B0F1FF3F 		cmp	r0, #-1
 107 000e 01D0     		beq	.L9
  33:Src/os.c      ****     {
  34:Src/os.c      ****         runFirstTask(nextTask);
 108              		.loc 1 34 0
 109 0010 FFF7FEFF 		bl	runFirstTask
 110              	.LVL11:
 111              	.L9:
  35:Src/os.c      ****     }
  36:Src/os.c      ****     return 0;
  37:Src/os.c      **** }
 112              		.loc 1 37 0
 113 0014 0020     		movs	r0, #0
 114 0016 08BD     		pop	{r3, pc}
 115              		.cfi_endproc
 116              	.LFE67:
 118              		.section	.text.osStart,"ax",%progbits
 119              		.align	1
 120              		.global	osStart
 121              		.syntax unified
 122              		.thumb
 123              		.thumb_func
 124              		.fpu softvfp
 126              	osStart:
 127              	.LFB68:
  38:Src/os.c      **** 
  39:Src/os.c      **** int osStart()
  40:Src/os.c      **** {
 128              		.loc 1 40 0
 129              		.cfi_startproc
 130              		@ args = 0, pretend = 0, frame = 0
 131              		@ frame_needed = 0, uses_anonymous_args = 0
 132 0000 08B5     		push	{r3, lr}
 133              	.LCFI2:
 134              		.cfi_def_cfa_offset 8
ARM GAS  C:\Users\Qian\AppData\Local\Temp\cc3Tp8Te.s 			page 4


 135              		.cfi_offset 3, -8
 136              		.cfi_offset 14, -4
  41:Src/os.c      ****     logger(&huart1, "OS_Started\n");
 137              		.loc 1 41 0
 138 0002 0549     		ldr	r1, .L13
 139 0004 0548     		ldr	r0, .L13+4
 140 0006 FFF7FEFF 		bl	logger
 141              	.LVL12:
  42:Src/os.c      ****     os_started = 1;
 142              		.loc 1 42 0
 143 000a 054B     		ldr	r3, .L13+8
 144 000c 0122     		movs	r2, #1
 145 000e 1A60     		str	r2, [r3]
  43:Src/os.c      ****     //scheduler();
  44:Src/os.c      ****     halfScheduler();
 146              		.loc 1 44 0
 147 0010 FFF7FEFF 		bl	halfScheduler
 148              	.LVL13:
  45:Src/os.c      ****     return 0;
  46:Src/os.c      **** }
 149              		.loc 1 46 0
 150 0014 0020     		movs	r0, #0
 151 0016 08BD     		pop	{r3, pc}
 152              	.L14:
 153              		.align	2
 154              	.L13:
 155 0018 00000000 		.word	.LC2
 156 001c 00000000 		.word	huart1
 157 0020 00000000 		.word	.LANCHOR0
 158              		.cfi_endproc
 159              	.LFE68:
 161              		.section	.text.os_pre,"ax",%progbits
 162              		.align	1
 163              		.global	os_pre
 164              		.syntax unified
 165              		.thumb
 166              		.thumb_func
 167              		.fpu softvfp
 169              	os_pre:
 170              	.LFB69:
  47:Src/os.c      **** 
  48:Src/os.c      **** int os_pre()
  49:Src/os.c      **** {
 171              		.loc 1 49 0
 172              		.cfi_startproc
 173              		@ args = 0, pretend = 0, frame = 0
 174              		@ frame_needed = 0, uses_anonymous_args = 0
 175 0000 08B5     		push	{r3, lr}
 176              	.LCFI3:
 177              		.cfi_def_cfa_offset 8
 178              		.cfi_offset 3, -8
 179              		.cfi_offset 14, -4
  50:Src/os.c      ****     logger(&huart1, "OS_Pre\n");
 180              		.loc 1 50 0
 181 0002 0449     		ldr	r1, .L17
 182 0004 0448     		ldr	r0, .L17+4
 183 0006 FFF7FEFF 		bl	logger
ARM GAS  C:\Users\Qian\AppData\Local\Temp\cc3Tp8Te.s 			page 5


 184              	.LVL14:
  51:Src/os.c      ****     initTask();
 185              		.loc 1 51 0
 186 000a FFF7FEFF 		bl	initTask
 187              	.LVL15:
  52:Src/os.c      ****     return 0;
  53:Src/os.c      **** }
 188              		.loc 1 53 0
 189 000e 0020     		movs	r0, #0
 190 0010 08BD     		pop	{r3, pc}
 191              	.L18:
 192 0012 00BF     		.align	2
 193              	.L17:
 194 0014 00000000 		.word	.LC3
 195 0018 00000000 		.word	huart1
 196              		.cfi_endproc
 197              	.LFE69:
 199              		.section	.text.os_sysTickHandler,"ax",%progbits
 200              		.align	1
 201              		.global	os_sysTickHandler
 202              		.syntax unified
 203              		.thumb
 204              		.thumb_func
 205              		.fpu softvfp
 207              	os_sysTickHandler:
 208              	.LFB70:
  54:Src/os.c      **** 
  55:Src/os.c      **** int os_sysTickHandler()
  56:Src/os.c      **** {
 209              		.loc 1 56 0
 210              		.cfi_startproc
 211              		@ args = 0, pretend = 0, frame = 0
 212              		@ frame_needed = 0, uses_anonymous_args = 0
 213 0000 08B5     		push	{r3, lr}
 214              	.LCFI4:
 215              		.cfi_def_cfa_offset 8
 216              		.cfi_offset 3, -8
 217              		.cfi_offset 14, -4
  57:Src/os.c      ****     //logger(&huart1, "OS_Systick1\n");
  58:Src/os.c      ****     if (!os_started)
 218              		.loc 1 58 0
 219 0002 0A4B     		ldr	r3, .L25
 220 0004 1B68     		ldr	r3, [r3]
 221 0006 0BB9     		cbnz	r3, .L23
 222              	.L20:
  59:Src/os.c      ****     {
  60:Src/os.c      ****         return 0;
  61:Src/os.c      ****     }
  62:Src/os.c      ****     //TODO: Problem with the Interrupt
  63:Src/os.c      ****         
  64:Src/os.c      ****     logger(&huart1, "OS_Systick\n");
  65:Src/os.c      ****     enterCritical();
  66:Src/os.c      ****     if (task_sysTickHandler())
  67:Src/os.c      ****     {
  68:Src/os.c      ****         scheduler();
  69:Src/os.c      ****     }
  70:Src/os.c      ****     
ARM GAS  C:\Users\Qian\AppData\Local\Temp\cc3Tp8Te.s 			page 6


  71:Src/os.c      ****     //TODO: Problem with the Interrupt
  72:Src/os.c      ****     exitCritical();
  73:Src/os.c      ****     return 0;
  74:Src/os.c      **** }
 223              		.loc 1 74 0
 224 0008 0020     		movs	r0, #0
 225 000a 08BD     		pop	{r3, pc}
 226              	.L23:
  64:Src/os.c      ****     enterCritical();
 227              		.loc 1 64 0
 228 000c 0849     		ldr	r1, .L25+4
 229 000e 0948     		ldr	r0, .L25+8
 230 0010 FFF7FEFF 		bl	logger
 231              	.LVL16:
  65:Src/os.c      ****     if (task_sysTickHandler())
 232              		.loc 1 65 0
 233 0014 FFF7FEFF 		bl	enterCritical
 234              	.LVL17:
  66:Src/os.c      ****     {
 235              		.loc 1 66 0
 236 0018 FFF7FEFF 		bl	task_sysTickHandler
 237              	.LVL18:
 238 001c 10B9     		cbnz	r0, .L24
 239              	.L21:
  72:Src/os.c      ****     return 0;
 240              		.loc 1 72 0
 241 001e FFF7FEFF 		bl	exitCritical
 242              	.LVL19:
  73:Src/os.c      **** }
 243              		.loc 1 73 0
 244 0022 F1E7     		b	.L20
 245              	.L24:
  68:Src/os.c      ****     }
 246              		.loc 1 68 0
 247 0024 FFF7FEFF 		bl	scheduler
 248              	.LVL20:
 249 0028 F9E7     		b	.L21
 250              	.L26:
 251 002a 00BF     		.align	2
 252              	.L25:
 253 002c 00000000 		.word	.LANCHOR0
 254 0030 00000000 		.word	.LC4
 255 0034 00000000 		.word	huart1
 256              		.cfi_endproc
 257              	.LFE70:
 259              		.section	.text.os_setTaskDelay,"ax",%progbits
 260              		.align	1
 261              		.global	os_setTaskDelay
 262              		.syntax unified
 263              		.thumb
 264              		.thumb_func
 265              		.fpu softvfp
 267              	os_setTaskDelay:
 268              	.LFB71:
  75:Src/os.c      **** 
  76:Src/os.c      **** int os_setTaskDelay(uint32_t ms)
  77:Src/os.c      **** {
ARM GAS  C:\Users\Qian\AppData\Local\Temp\cc3Tp8Te.s 			page 7


 269              		.loc 1 77 0
 270              		.cfi_startproc
 271              		@ args = 0, pretend = 0, frame = 0
 272              		@ frame_needed = 0, uses_anonymous_args = 0
 273              	.LVL21:
 274 0000 10B5     		push	{r4, lr}
 275              	.LCFI5:
 276              		.cfi_def_cfa_offset 8
 277              		.cfi_offset 4, -8
 278              		.cfi_offset 14, -4
 279 0002 0446     		mov	r4, r0
  78:Src/os.c      ****     enterCritical();
 280              		.loc 1 78 0
 281 0004 FFF7FEFF 		bl	enterCritical
 282              	.LVL22:
  79:Src/os.c      **** 
  80:Src/os.c      ****     logger(&huart1, "OS_SetDelay\n");
 283              		.loc 1 80 0
 284 0008 0749     		ldr	r1, .L29
 285 000a 0848     		ldr	r0, .L29+4
 286 000c FFF7FEFF 		bl	logger
 287              	.LVL23:
  81:Src/os.c      **** 
  82:Src/os.c      ****     taskDelay(ms * 72);
 288              		.loc 1 82 0
 289 0010 04EBC404 		add	r4, r4, r4, lsl #3
 290              	.LVL24:
 291 0014 E000     		lsls	r0, r4, #3
 292 0016 FFF7FEFF 		bl	taskDelay
 293              	.LVL25:
  83:Src/os.c      ****     scheduler();
 294              		.loc 1 83 0
 295 001a FFF7FEFF 		bl	scheduler
 296              	.LVL26:
  84:Src/os.c      ****     exitCritical();
 297              		.loc 1 84 0
 298 001e FFF7FEFF 		bl	exitCritical
 299              	.LVL27:
  85:Src/os.c      ****     return 0;
  86:Src/os.c      **** }
 300              		.loc 1 86 0
 301 0022 0020     		movs	r0, #0
 302 0024 10BD     		pop	{r4, pc}
 303              	.L30:
 304 0026 00BF     		.align	2
 305              	.L29:
 306 0028 00000000 		.word	.LC5
 307 002c 00000000 		.word	huart1
 308              		.cfi_endproc
 309              	.LFE71:
 311              		.section	.text.os_createTask,"ax",%progbits
 312              		.align	1
 313              		.global	os_createTask
 314              		.syntax unified
 315              		.thumb
 316              		.thumb_func
 317              		.fpu softvfp
ARM GAS  C:\Users\Qian\AppData\Local\Temp\cc3Tp8Te.s 			page 8


 319              	os_createTask:
 320              	.LFB72:
  87:Src/os.c      **** 
  88:Src/os.c      **** int os_createTask( void* (*foo)())
  89:Src/os.c      **** {
 321              		.loc 1 89 0
 322              		.cfi_startproc
 323              		@ args = 0, pretend = 0, frame = 0
 324              		@ frame_needed = 0, uses_anonymous_args = 0
 325              	.LVL28:
 326 0000 08B5     		push	{r3, lr}
 327              	.LCFI6:
 328              		.cfi_def_cfa_offset 8
 329              		.cfi_offset 3, -8
 330              		.cfi_offset 14, -4
  90:Src/os.c      ****     return createTask(foo);
 331              		.loc 1 90 0
 332 0002 FFF7FEFF 		bl	createTask
 333              	.LVL29:
  91:Src/os.c      **** }
 334              		.loc 1 91 0
 335 0006 08BD     		pop	{r3, pc}
 336              		.cfi_endproc
 337              	.LFE72:
 339              		.section	.text.os_enterCritical,"ax",%progbits
 340              		.align	1
 341              		.global	os_enterCritical
 342              		.syntax unified
 343              		.thumb
 344              		.thumb_func
 345              		.fpu softvfp
 347              	os_enterCritical:
 348              	.LFB73:
  92:Src/os.c      **** 
  93:Src/os.c      **** int os_enterCritical()
  94:Src/os.c      **** {
 349              		.loc 1 94 0
 350              		.cfi_startproc
 351              		@ args = 0, pretend = 0, frame = 0
 352              		@ frame_needed = 0, uses_anonymous_args = 0
 353 0000 08B5     		push	{r3, lr}
 354              	.LCFI7:
 355              		.cfi_def_cfa_offset 8
 356              		.cfi_offset 3, -8
 357              		.cfi_offset 14, -4
  95:Src/os.c      ****     enterCritical();
 358              		.loc 1 95 0
 359 0002 FFF7FEFF 		bl	enterCritical
 360              	.LVL30:
  96:Src/os.c      ****     return 0;
  97:Src/os.c      **** }
 361              		.loc 1 97 0
 362 0006 0020     		movs	r0, #0
 363 0008 08BD     		pop	{r3, pc}
 364              		.cfi_endproc
 365              	.LFE73:
 367              		.section	.text.os_exitCritical,"ax",%progbits
ARM GAS  C:\Users\Qian\AppData\Local\Temp\cc3Tp8Te.s 			page 9


 368              		.align	1
 369              		.global	os_exitCritical
 370              		.syntax unified
 371              		.thumb
 372              		.thumb_func
 373              		.fpu softvfp
 375              	os_exitCritical:
 376              	.LFB74:
  98:Src/os.c      **** 
  99:Src/os.c      **** int os_exitCritical()
 100:Src/os.c      **** {
 377              		.loc 1 100 0
 378              		.cfi_startproc
 379              		@ args = 0, pretend = 0, frame = 0
 380              		@ frame_needed = 0, uses_anonymous_args = 0
 381 0000 08B5     		push	{r3, lr}
 382              	.LCFI8:
 383              		.cfi_def_cfa_offset 8
 384              		.cfi_offset 3, -8
 385              		.cfi_offset 14, -4
 101:Src/os.c      ****     exitCritical();
 386              		.loc 1 101 0
 387 0002 FFF7FEFF 		bl	exitCritical
 388              	.LVL31:
 102:Src/os.c      ****     return 0;
 103:Src/os.c      **** }
 389              		.loc 1 103 0
 390 0006 0020     		movs	r0, #0
 391 0008 08BD     		pop	{r3, pc}
 392              		.cfi_endproc
 393              	.LFE74:
 395              		.global	os_started
 396              		.section	.bss.os_started,"aw",%nobits
 397              		.align	2
 398              		.set	.LANCHOR0,. + 0
 401              	os_started:
 402 0000 00000000 		.space	4
 403              		.section	.rodata.osStart.str1.4,"aMS",%progbits,1
 404              		.align	2
 405              	.LC2:
 406 0000 4F535F53 		.ascii	"OS_Started\012\000"
 406      74617274 
 406      65640A00 
 407              		.section	.rodata.os_pre.str1.4,"aMS",%progbits,1
 408              		.align	2
 409              	.LC3:
 410 0000 4F535F50 		.ascii	"OS_Pre\012\000"
 410      72650A00 
 411              		.section	.rodata.os_setTaskDelay.str1.4,"aMS",%progbits,1
 412              		.align	2
 413              	.LC5:
 414 0000 4F535F53 		.ascii	"OS_SetDelay\012\000"
 414      65744465 
 414      6C61790A 
 414      00
 415              		.section	.rodata.os_sysTickHandler.str1.4,"aMS",%progbits,1
 416              		.align	2
ARM GAS  C:\Users\Qian\AppData\Local\Temp\cc3Tp8Te.s 			page 10


 417              	.LC4:
 418 0000 4F535F53 		.ascii	"OS_Systick\012\000"
 418      79737469 
 418      636B0A00 
 419              		.section	.rodata.scheduler.str1.4,"aMS",%progbits,1
 420              		.align	2
 421              	.LC0:
 422 0000 53636865 		.ascii	"Scheduler_Sleep\012\000"
 422      64756C65 
 422      725F536C 
 422      6565700A 
 422      00
 423 0011 000000   		.space	3
 424              	.LC1:
 425 0014 53636865 		.ascii	"Scheduler_Switch\012\000"
 425      64756C65 
 425      725F5377 
 425      69746368 
 425      0A00
 426              		.text
 427              	.Letext0:
 428              		.file 2 "d:\\program files (x86)\\gnu tools arm embedded\\7 2017-q4-major\\arm-none-eabi\\include\
 429              		.file 3 "d:\\program files (x86)\\gnu tools arm embedded\\7 2017-q4-major\\arm-none-eabi\\include\
 430              		.file 4 "Drivers/CMSIS/Include/core_cm3.h"
 431              		.file 5 "Drivers/CMSIS/Device/ST/STM32F1xx/Include/system_stm32f1xx.h"
 432              		.file 6 "Drivers/CMSIS/Device/ST/STM32F1xx/Include/stm32f103xb.h"
 433              		.file 7 "d:\\program files (x86)\\gnu tools arm embedded\\7 2017-q4-major\\arm-none-eabi\\include\
 434              		.file 8 "d:\\program files (x86)\\gnu tools arm embedded\\7 2017-q4-major\\arm-none-eabi\\include\
 435              		.file 9 "d:\\program files (x86)\\gnu tools arm embedded\\7 2017-q4-major\\lib\\gcc\\arm-none-eabi
 436              		.file 10 "d:\\program files (x86)\\gnu tools arm embedded\\7 2017-q4-major\\arm-none-eabi\\include
 437              		.file 11 "Drivers/STM32F1xx_HAL_Driver/Inc/stm32f1xx_hal_def.h"
 438              		.file 12 "Drivers/STM32F1xx_HAL_Driver/Inc/stm32f1xx_hal_dma.h"
 439              		.file 13 "Drivers/STM32F1xx_HAL_Driver/Inc/stm32f1xx_hal_uart.h"
 440              		.file 14 "Inc/debug.h"
 441              		.file 15 "Inc/task_cpu.h"
 442              		.file 16 "Inc/task.h"
ARM GAS  C:\Users\Qian\AppData\Local\Temp\cc3Tp8Te.s 			page 11


DEFINED SYMBOLS
                            *ABS*:00000000 os.c
C:\Users\Qian\AppData\Local\Temp\cc3Tp8Te.s:16     .text.scheduler:00000000 $t
C:\Users\Qian\AppData\Local\Temp\cc3Tp8Te.s:23     .text.scheduler:00000000 scheduler
C:\Users\Qian\AppData\Local\Temp\cc3Tp8Te.s:74     .text.scheduler:00000034 $d
C:\Users\Qian\AppData\Local\Temp\cc3Tp8Te.s:81     .text.halfScheduler:00000000 $t
C:\Users\Qian\AppData\Local\Temp\cc3Tp8Te.s:88     .text.halfScheduler:00000000 halfScheduler
C:\Users\Qian\AppData\Local\Temp\cc3Tp8Te.s:119    .text.osStart:00000000 $t
C:\Users\Qian\AppData\Local\Temp\cc3Tp8Te.s:126    .text.osStart:00000000 osStart
C:\Users\Qian\AppData\Local\Temp\cc3Tp8Te.s:155    .text.osStart:00000018 $d
C:\Users\Qian\AppData\Local\Temp\cc3Tp8Te.s:162    .text.os_pre:00000000 $t
C:\Users\Qian\AppData\Local\Temp\cc3Tp8Te.s:169    .text.os_pre:00000000 os_pre
C:\Users\Qian\AppData\Local\Temp\cc3Tp8Te.s:194    .text.os_pre:00000014 $d
C:\Users\Qian\AppData\Local\Temp\cc3Tp8Te.s:200    .text.os_sysTickHandler:00000000 $t
C:\Users\Qian\AppData\Local\Temp\cc3Tp8Te.s:207    .text.os_sysTickHandler:00000000 os_sysTickHandler
C:\Users\Qian\AppData\Local\Temp\cc3Tp8Te.s:253    .text.os_sysTickHandler:0000002c $d
C:\Users\Qian\AppData\Local\Temp\cc3Tp8Te.s:260    .text.os_setTaskDelay:00000000 $t
C:\Users\Qian\AppData\Local\Temp\cc3Tp8Te.s:267    .text.os_setTaskDelay:00000000 os_setTaskDelay
C:\Users\Qian\AppData\Local\Temp\cc3Tp8Te.s:306    .text.os_setTaskDelay:00000028 $d
C:\Users\Qian\AppData\Local\Temp\cc3Tp8Te.s:312    .text.os_createTask:00000000 $t
C:\Users\Qian\AppData\Local\Temp\cc3Tp8Te.s:319    .text.os_createTask:00000000 os_createTask
C:\Users\Qian\AppData\Local\Temp\cc3Tp8Te.s:340    .text.os_enterCritical:00000000 $t
C:\Users\Qian\AppData\Local\Temp\cc3Tp8Te.s:347    .text.os_enterCritical:00000000 os_enterCritical
C:\Users\Qian\AppData\Local\Temp\cc3Tp8Te.s:368    .text.os_exitCritical:00000000 $t
C:\Users\Qian\AppData\Local\Temp\cc3Tp8Te.s:375    .text.os_exitCritical:00000000 os_exitCritical
C:\Users\Qian\AppData\Local\Temp\cc3Tp8Te.s:401    .bss.os_started:00000000 os_started
C:\Users\Qian\AppData\Local\Temp\cc3Tp8Te.s:397    .bss.os_started:00000000 $d
C:\Users\Qian\AppData\Local\Temp\cc3Tp8Te.s:404    .rodata.osStart.str1.4:00000000 $d
C:\Users\Qian\AppData\Local\Temp\cc3Tp8Te.s:408    .rodata.os_pre.str1.4:00000000 $d
C:\Users\Qian\AppData\Local\Temp\cc3Tp8Te.s:412    .rodata.os_setTaskDelay.str1.4:00000000 $d
C:\Users\Qian\AppData\Local\Temp\cc3Tp8Te.s:416    .rodata.os_sysTickHandler.str1.4:00000000 $d
C:\Users\Qian\AppData\Local\Temp\cc3Tp8Te.s:420    .rodata.scheduler.str1.4:00000000 $d

UNDEFINED SYMBOLS
enterCritical
getNextReady
logger
switchTaskTo
exitCritical
huart1
runFirstTask
initTask
task_sysTickHandler
taskDelay
createTask
