ARM GAS  C:\Users\Qian\AppData\Local\Temp\ccUmwucG.s 			page 1


   1              		.cpu cortex-m3
   2              		.eabi_attribute 20, 1
   3              		.eabi_attribute 21, 1
   4              		.eabi_attribute 23, 3
   5              		.eabi_attribute 24, 1
   6              		.eabi_attribute 25, 1
   7              		.eabi_attribute 26, 1
   8              		.eabi_attribute 30, 1
   9              		.eabi_attribute 34, 1
  10              		.eabi_attribute 18, 4
  11              		.file	"task_cpu.c"
  12              		.text
  13              	.Ltext0:
  14              		.cfi_sections	.debug_frame
  15              		.section	.text.getCurrentStackPtr,"ax",%progbits
  16              		.align	1
  17              		.global	getCurrentStackPtr
  18              		.syntax unified
  19              		.thumb
  20              		.thumb_func
  21              		.fpu softvfp
  23              	getCurrentStackPtr:
  24              	.LFB66:
  25              		.file 1 "Src/task_cpu.c"
   1:Src/task_cpu.c **** #include <stdlib.h>
   2:Src/task_cpu.c **** 
   3:Src/task_cpu.c **** #include "task_cpu.h"
   4:Src/task_cpu.c **** 
   5:Src/task_cpu.c **** 
   6:Src/task_cpu.c **** #include "debug.h"
   7:Src/task_cpu.c **** #include <stdio.h>
   8:Src/task_cpu.c **** 
   9:Src/task_cpu.c **** 
  10:Src/task_cpu.c **** uint32_t getCurrentStackPtr()
  11:Src/task_cpu.c **** {
  26              		.loc 1 11 0
  27              		.cfi_startproc
  28              		@ args = 0, pretend = 0, frame = 0
  29              		@ frame_needed = 0, uses_anonymous_args = 0
  30              		@ link register save eliminated.
  31              	.LVL0:
  12:Src/task_cpu.c ****     uint32_t result = 0;
  13:Src/task_cpu.c ****     asm volatile (
  32              		.loc 1 13 0
  33              		.syntax unified
  34              	@ 13 "Src/task_cpu.c" 1
  35 0000 EFF30980 		MRS    r0, psp             
  36              		
  37              	@ 0 "" 2
  38              	.LVL1:
  14:Src/task_cpu.c ****         "MRS    %0, psp             \n\t"
  15:Src/task_cpu.c ****         : "=r" (result)
  16:Src/task_cpu.c ****     );
  17:Src/task_cpu.c ****     return result;
  18:Src/task_cpu.c **** }
  39              		.loc 1 18 0
  40              		.thumb
ARM GAS  C:\Users\Qian\AppData\Local\Temp\ccUmwucG.s 			page 2


  41              		.syntax unified
  42 0004 7047     		bx	lr
  43              		.cfi_endproc
  44              	.LFE66:
  46              		.section	.text.saveContext,"ax",%progbits
  47              		.align	1
  48              		.global	saveContext
  49              		.syntax unified
  50              		.thumb
  51              		.thumb_func
  52              		.fpu softvfp
  54              	saveContext:
  55              	.LFB67:
  19:Src/task_cpu.c **** 
  20:Src/task_cpu.c **** void saveContext(char** ptrToCurrentSP)
  21:Src/task_cpu.c **** {
  56              		.loc 1 21 0
  57              		.cfi_startproc
  58              		@ args = 0, pretend = 0, frame = 0
  59              		@ frame_needed = 0, uses_anonymous_args = 0
  60              		@ link register save eliminated.
  61              	.LVL2:
  22:Src/task_cpu.c ****     uint32_t t;
  23:Src/task_cpu.c ****     asm volatile (
  62              		.loc 1 23 0
  63              		.syntax unified
  64              	@ 23 "Src/task_cpu.c" 1
  65 0000 EFF30983 		MRS    r3, psp             
  66 0004 23E9F00F 		STMDB  r3!, {r4-r11}       
  67 0008 83F30988 		MSR    psp, r3             
  68              		
  69              	@ 0 "" 2
  70              	.LVL3:
  24:Src/task_cpu.c ****         "MRS    %0, psp             \n\t"
  25:Src/task_cpu.c ****         "STMDB  %0!, {r4-r11}       \n\t"
  26:Src/task_cpu.c ****         "MSR    psp, %0             \n\t"
  27:Src/task_cpu.c ****         : "=r" (t)        
  28:Src/task_cpu.c ****     );
  29:Src/task_cpu.c ****     *(ptrToCurrentSP) = (char*)t;
  71              		.loc 1 29 0
  72              		.thumb
  73              		.syntax unified
  74 000c 0360     		str	r3, [r0]
  30:Src/task_cpu.c **** }
  75              		.loc 1 30 0
  76 000e 7047     		bx	lr
  77              		.cfi_endproc
  78              	.LFE67:
  80              		.section	.text.loadContext,"ax",%progbits
  81              		.align	1
  82              		.global	loadContext
  83              		.syntax unified
  84              		.thumb
  85              		.thumb_func
  86              		.fpu softvfp
  88              	loadContext:
  89              	.LFB68:
ARM GAS  C:\Users\Qian\AppData\Local\Temp\ccUmwucG.s 			page 3


  31:Src/task_cpu.c **** 
  32:Src/task_cpu.c **** __attribute__((naked)) void loadContext()
  33:Src/task_cpu.c **** {
  90              		.loc 1 33 0
  91              		.cfi_startproc
  92              		@ Naked Function: prologue and epilogue provided by programmer.
  93              		@ args = 0, pretend = 0, frame = 0
  94              		@ frame_needed = 0, uses_anonymous_args = 0
  34:Src/task_cpu.c ****     uint32_t t;
  35:Src/task_cpu.c ****     asm volatile (
  95              		.loc 1 35 0
  96              		.syntax unified
  97              	@ 35 "Src/task_cpu.c" 1
  98 0000 EFF30983 		MRS    r3, psp             
  99 0004 B3E8F00F 		LDMIA  r3!, {r4-r11}       
 100 0008 83F30988 		MSR    psp, r3             
 101 000c 6FF0020E 		MOV    lr, #0xFFFFFFFD      
 102 0010 62B6     		CPSIE I                    
 103 0012 7047     		BX     lr                  
 104              		
 105              	@ 0 "" 2
 106              	.LVL4:
  36:Src/task_cpu.c ****         "MRS    %0, psp             \n\t"
  37:Src/task_cpu.c ****         "LDMIA  %0!, {r4-r11}       \n\t"
  38:Src/task_cpu.c ****         "MSR    psp, %0             \n\t"
  39:Src/task_cpu.c ****         "MOV    lr, #0xFFFFFFFD      \n\t"
  40:Src/task_cpu.c ****         "CPSIE I                    \n\t"
  41:Src/task_cpu.c ****         "BX     lr                  \n\t"
  42:Src/task_cpu.c ****         : "=r" (t)
  43:Src/task_cpu.c ****     );
  44:Src/task_cpu.c **** }
 107              		.loc 1 44 0
 108              		.thumb
 109              		.syntax unified
 110              		.cfi_endproc
 111              	.LFE68:
 113              		.section	.text.contextSwitcher,"ax",%progbits
 114              		.align	1
 115              		.global	contextSwitcher
 116              		.syntax unified
 117              		.thumb
 118              		.thumb_func
 119              		.fpu softvfp
 121              	contextSwitcher:
 122              	.LFB69:
  45:Src/task_cpu.c **** 
  46:Src/task_cpu.c **** void contextSwitcher(char* nextSP)
  47:Src/task_cpu.c **** {
 123              		.loc 1 47 0
 124              		.cfi_startproc
 125              		@ args = 0, pretend = 0, frame = 0
 126              		@ frame_needed = 0, uses_anonymous_args = 0
 127              		@ link register save eliminated.
 128              	.LVL5:
  48:Src/task_cpu.c ****     asm volatile (
 129              		.loc 1 48 0
 130              		.syntax unified
ARM GAS  C:\Users\Qian\AppData\Local\Temp\ccUmwucG.s 			page 4


 131              	@ 48 "Src/task_cpu.c" 1
 132 0000 80F30988 		MSR    psp, r0             
 133              		
 134              	@ 0 "" 2
  49:Src/task_cpu.c ****         "MSR    psp, %0             \n\t"
  50:Src/task_cpu.c ****         :
  51:Src/task_cpu.c ****         : "r" (nextSP)
  52:Src/task_cpu.c ****     );
  53:Src/task_cpu.c **** }
 135              		.loc 1 53 0
 136              		.thumb
 137              		.syntax unified
 138 0004 7047     		bx	lr
 139              		.cfi_endproc
 140              	.LFE69:
 142              		.section	.text.enterCritical,"ax",%progbits
 143              		.align	1
 144              		.global	enterCritical
 145              		.syntax unified
 146              		.thumb
 147              		.thumb_func
 148              		.fpu softvfp
 150              	enterCritical:
 151              	.LFB70:
  54:Src/task_cpu.c **** 
  55:Src/task_cpu.c **** void enterCritical()
  56:Src/task_cpu.c **** {
 152              		.loc 1 56 0
 153              		.cfi_startproc
 154              		@ args = 0, pretend = 0, frame = 0
 155              		@ frame_needed = 0, uses_anonymous_args = 0
 156              		@ link register save eliminated.
  57:Src/task_cpu.c ****     asm volatile (
 157              		.loc 1 57 0
 158              		.syntax unified
 159              	@ 57 "Src/task_cpu.c" 1
 160 0000 72B6     		CPSID I
 161              	@ 0 "" 2
  58:Src/task_cpu.c ****         "CPSID I"
  59:Src/task_cpu.c ****     );
  60:Src/task_cpu.c **** }
 162              		.loc 1 60 0
 163              		.thumb
 164              		.syntax unified
 165 0002 7047     		bx	lr
 166              		.cfi_endproc
 167              	.LFE70:
 169              		.section	.text.exitCritical,"ax",%progbits
 170              		.align	1
 171              		.global	exitCritical
 172              		.syntax unified
 173              		.thumb
 174              		.thumb_func
 175              		.fpu softvfp
 177              	exitCritical:
 178              	.LFB71:
  61:Src/task_cpu.c **** 
ARM GAS  C:\Users\Qian\AppData\Local\Temp\ccUmwucG.s 			page 5


  62:Src/task_cpu.c **** void exitCritical()
  63:Src/task_cpu.c **** {
 179              		.loc 1 63 0
 180              		.cfi_startproc
 181              		@ args = 0, pretend = 0, frame = 0
 182              		@ frame_needed = 0, uses_anonymous_args = 0
 183              		@ link register save eliminated.
  64:Src/task_cpu.c ****     asm volatile (
 184              		.loc 1 64 0
 185              		.syntax unified
 186              	@ 64 "Src/task_cpu.c" 1
 187 0000 62B6     		CPSIE I
 188              	@ 0 "" 2
  65:Src/task_cpu.c ****         "CPSIE I"
  66:Src/task_cpu.c ****     );
  67:Src/task_cpu.c **** }...
 189              		.loc 1 67 0
 190              		.thumb
 191              		.syntax unified
 192 0002 7047     		bx	lr
 193              		.cfi_endproc
 194              	.LFE71:
 196              		.text
 197              	.Letext0:
 198              		.file 2 "d:\\program files (x86)\\gnu tools arm embedded\\7 2017-q4-major\\arm-none-eabi\\include\
 199              		.file 3 "d:\\program files (x86)\\gnu tools arm embedded\\7 2017-q4-major\\arm-none-eabi\\include\
 200              		.file 4 "d:\\program files (x86)\\gnu tools arm embedded\\7 2017-q4-major\\arm-none-eabi\\include\
 201              		.file 5 "d:\\program files (x86)\\gnu tools arm embedded\\7 2017-q4-major\\lib\\gcc\\arm-none-eabi
 202              		.file 6 "d:\\program files (x86)\\gnu tools arm embedded\\7 2017-q4-major\\arm-none-eabi\\include\
 203              		.file 7 "d:\\program files (x86)\\gnu tools arm embedded\\7 2017-q4-major\\arm-none-eabi\\include\
 204              		.file 8 "d:\\program files (x86)\\gnu tools arm embedded\\7 2017-q4-major\\arm-none-eabi\\include\
 205              		.file 9 "Drivers/CMSIS/Include/core_cm3.h"
 206              		.file 10 "Drivers/CMSIS/Device/ST/STM32F1xx/Include/system_stm32f1xx.h"
 207              		.file 11 "Drivers/CMSIS/Device/ST/STM32F1xx/Include/stm32f103xb.h"
 208              		.file 12 "Drivers/STM32F1xx_HAL_Driver/Inc/stm32f1xx_hal_def.h"
 209              		.file 13 "Drivers/STM32F1xx_HAL_Driver/Inc/stm32f1xx_hal_dma.h"
 210              		.file 14 "Drivers/STM32F1xx_HAL_Driver/Inc/stm32f1xx_hal_uart.h"
 211              		.file 15 "Inc/debug.h"
ARM GAS  C:\Users\Qian\AppData\Local\Temp\ccUmwucG.s 			page 6


DEFINED SYMBOLS
                            *ABS*:00000000 task_cpu.c
C:\Users\Qian\AppData\Local\Temp\ccUmwucG.s:16     .text.getCurrentStackPtr:00000000 $t
C:\Users\Qian\AppData\Local\Temp\ccUmwucG.s:23     .text.getCurrentStackPtr:00000000 getCurrentStackPtr
C:\Users\Qian\AppData\Local\Temp\ccUmwucG.s:47     .text.saveContext:00000000 $t
C:\Users\Qian\AppData\Local\Temp\ccUmwucG.s:54     .text.saveContext:00000000 saveContext
C:\Users\Qian\AppData\Local\Temp\ccUmwucG.s:81     .text.loadContext:00000000 $t
C:\Users\Qian\AppData\Local\Temp\ccUmwucG.s:88     .text.loadContext:00000000 loadContext
C:\Users\Qian\AppData\Local\Temp\ccUmwucG.s:114    .text.contextSwitcher:00000000 $t
C:\Users\Qian\AppData\Local\Temp\ccUmwucG.s:121    .text.contextSwitcher:00000000 contextSwitcher
C:\Users\Qian\AppData\Local\Temp\ccUmwucG.s:143    .text.enterCritical:00000000 $t
C:\Users\Qian\AppData\Local\Temp\ccUmwucG.s:150    .text.enterCritical:00000000 enterCritical
C:\Users\Qian\AppData\Local\Temp\ccUmwucG.s:170    .text.exitCritical:00000000 $t
C:\Users\Qian\AppData\Local\Temp\ccUmwucG.s:177    .text.exitCritical:00000000 exitCritical

NO UNDEFINED SYMBOLS
